<?xml version="1.0" encoding="UTF-8"?>
<testng-results skipped="0" failed="0" ignored="0" total="1" passed="1">
  <reporter-output>
  </reporter-output>
  <suite name="Default suite" duration-ms="19674" started-at="2022-07-22T11:55:16 IST" finished-at="2022-07-22T11:55:36 IST">
    <groups>
    </groups>
    <test name="Default test" duration-ms="19674" started-at="2022-07-22T11:55:16 IST" finished-at="2022-07-22T11:55:36 IST">
      <class name="maven.ex1">
        <test-method status="PASS" signature="beforeTest()[pri:0, instance:maven.ex1@4fb64261]" name="beforeTest" is-config="true" duration-ms="8693" started-at="2022-07-22T11:55:16 IST" finished-at="2022-07-22T11:55:25 IST">
          <reporter-output>
          </reporter-output>
        </test-method> <!-- beforeTest -->
        <test-method status="PASS" signature="f()[pri:0, instance:maven.ex1@4fb64261]" name="f" duration-ms="10553" started-at="2022-07-22T11:55:25 IST" finished-at="2022-07-22T11:55:35 IST">
          <reporter-output>
          </reporter-output>
        </test-method> <!-- f -->
        <test-method status="PASS" signature="afterTest()[pri:0, instance:maven.ex1@4fb64261]" name="afterTest" is-config="true" duration-ms="358" started-at="2022-07-22T11:55:35 IST" finished-at="2022-07-22T11:55:36 IST">
          <reporter-output>
          </reporter-output>
        </test-method> <!-- afterTest -->
      </class> <!-- maven.ex1 -->
    </test> <!-- Default test -->
  </suite> <!-- Default suite -->
</testng-results>
