<?xml version="1.0" encoding="UTF-8"?>
<testng-results skipped="0" failed="0" ignored="0" total="1" passed="1">
  <reporter-output>
  </reporter-output>
  <suite name="Surefire suite" duration-ms="22727" started-at="2022-07-25T00:14:29 IST" finished-at="2022-07-25T00:14:51 IST">
    <groups>
    </groups>
    <test name="Surefire test" duration-ms="22727" started-at="2022-07-25T00:14:29 IST" finished-at="2022-07-25T00:14:51 IST">
      <class name="maven.ex1">
        <test-method status="PASS" signature="beforeTest()[pri:0, instance:maven.ex1@33c7e1bb]" name="beforeTest" is-config="true" duration-ms="9987" started-at="2022-07-25T00:14:29 IST" finished-at="2022-07-25T00:14:39 IST">
          <reporter-output>
          </reporter-output>
        </test-method> <!-- beforeTest -->
        <test-method status="PASS" signature="f()[pri:0, instance:maven.ex1@33c7e1bb]" name="f" duration-ms="12264" started-at="2022-07-25T00:14:39 IST" finished-at="2022-07-25T00:14:51 IST">
          <reporter-output>
          </reporter-output>
        </test-method> <!-- f -->
        <test-method status="PASS" signature="afterTest()[pri:0, instance:maven.ex1@33c7e1bb]" name="afterTest" is-config="true" duration-ms="436" started-at="2022-07-25T00:14:51 IST" finished-at="2022-07-25T00:14:51 IST">
          <reporter-output>
          </reporter-output>
        </test-method> <!-- afterTest -->
      </class> <!-- maven.ex1 -->
    </test> <!-- Surefire test -->
  </suite> <!-- Surefire suite -->
</testng-results>
